
2009 Mar 19 13:58:53		-----------------
2009 Mar 19 13:58:53		KS Dump Releases and Logs Service, version 1.0 beta
2009 Mar 19 13:58:54	INFO	Number of applications in file://@localhost:/tmp/ksaus/cc.surveysoftwareservices.com/artifacts/ is: 6
2009 Mar 19 13:58:54	INFO	Start the calculating for KeySurvey_v6_3.
2009 Mar 19 13:59:07	INFO	Start the calculating for KeySurvey_v6_4.
2009 Mar 19 13:59:07	INFO	Start the calculating for KeySurvey_v6_5.
2009 Mar 19 13:59:16	INFO	Start the calculating for KeySurvey_v6_6.
2009 Mar 19 13:59:16	ERROR	20071029031102 of KeySurvey_v6_6 has been moved to /home/beast/Projects/KS_Dump_Releases_Logs/tmp/ with result Unknown scheme (file) for copying from destination (/home/beast/Projects/KS_Dump_Releases_Logs/tmp/).  and removing from temporary is 
2009 Mar 19 13:59:34	INFO	Start the calculating for KeySurvey_v6_2.
2009 Mar 19 13:59:34	INFO	Start the calculating for KeySurvey_v7_0.
2009 Mar 19 13:59:40	WARN	20071029032101 of KeySurvey_v7_0 has been moved to /home/beast/Projects/KS_Dump_Releases_Logs/tmp/ with result OK and removing from temporary is ERROR
2009 Mar 19 14:00:10		Compleated during 77 second(s)
2009 Mar 20 11:53:52		-----------------
2009 Mar 20 11:53:52		KS Dump Releases and Logs Service, version 1.0 beta
2009 Mar 20 11:53:52	DEBUG	Source: file://@localhost:/tmp/ksaus/artifacts/
Destination: ://@212.121.21.1:/path_to_KSDRL/tmp/
Release moved if age grater than 15 day(s)
Release moved if application have releases grater than 3
Calculating count of releases of each application ...
2009 Mar 20 11:53:52	DEBUG	 done.
2009 Mar 20 11:53:52	DEBUG	Total applications in Source is: 6
2009 Mar 20 11:53:52		Compleated during 0 second(s)
2009 Mar 20 11:54:35		-----------------
2009 Mar 20 11:54:36		KS Dump Releases and Logs Service, version 1.0 beta
2009 Mar 20 11:54:36	DEBUG	Source: file://@localhost:/tmp/ksaus/artifacts/
Destination: ://@212.121.21.1:/path_to_KSDRL/tmp/
Release moved if age grater than 15 day(s)
Release moved if application have releases grater than 3
Calculating count of logs of each application ...
2009 Mar 20 11:54:36		Compleated during 1 second(s)
2009 Mar 20 11:55:36		-----------------
2009 Mar 20 11:55:36		KS Dump Releases and Logs Service, version 1.0 beta
2009 Mar 20 11:55:36	DEBUG	Source: file://@localhost:/tmp/ksaus/artifacts/
Destination: ://@212.121.21.1:/path_to_KSDRL/tmp/
Release moved if age grater than 15 day(s)
Release moved if application have releases grater than 3
Calculating count of logs of each application ...
2009 Mar 20 11:55:36	DEBUG	 done.
2009 Mar 20 11:55:36	DEBUG	Total applications in Source is: 1
2009 Mar 20 11:55:36		Compleated during 0 second(s)
2009 Mar 20 12:06:54		-----------------
2009 Mar 20 12:06:54		KS Dump Releases and Logs Service, version 1.0 beta
2009 Mar 20 12:06:54	DEBUG	Source: file://@localhost:/tmp/ksaus/artifacts/
Destination: ://@212.121.21.1:/path_to_KSDRL/tmp/
Release moved if age grater than 15 day(s)
Release moved if application have releases grater than 3
Calculating count of releases of each application ...
2009 Mar 20 12:06:54	DEBUG	 done.
2009 Mar 20 12:06:54	DEBUG	Total applications in Source is: 6
2009 Mar 20 12:06:54	INFO	Start the calculating for KeySurvey_v6_3.
2009 Mar 20 12:06:54	DEBUG	In KeySurvey_v6_3: Total_releases = 6; Total_size = 453.25 Mb|
2009 Mar 20 12:06:54	INFO	Start the calculating for KeySurvey_v6_4.
2009 Mar 20 12:06:54	DEBUG	In KeySurvey_v6_4: Total_releases = 3; Total_size = 175.85 Mb|
2009 Mar 20 12:06:54	INFO	Start the calculating for KeySurvey_v6_5.
2009 Mar 20 12:06:54	DEBUG	In KeySurvey_v6_5: Total_releases = 8; Total_size = 287.14 Mb|
2009 Mar 20 12:06:54	INFO	Start the calculating for KeySurvey_v6_6.
2009 Mar 20 12:06:54	DEBUG	In KeySurvey_v6_6: Total_releases = 7; Total_size = 336.17 Mb|
2009 Mar 20 12:06:54	INFO	Start the calculating for KeySurvey_v6_2.
2009 Mar 20 12:06:54	DEBUG	In KeySurvey_v6_2: Total_releases = 2; Total_size = 133.78 Mb|
2009 Mar 20 12:06:54	INFO	Start the calculating for KeySurvey_v7_0.
2009 Mar 20 12:06:54	DEBUG	In KeySurvey_v7_0: Total_releases = 8; Total_size = 1458.26 Mb|
2009 Mar 20 12:06:54		Compleated during 0 second(s)
2009 Mar 20 12:29:10		-----------------
2009 Mar 20 12:29:10		KS Dump Releases and Logs Service, version 1.0 beta
2009 Mar 20 12:29:10	DEBUG	Source: file://@localhost:/tmp/ksaus/artifacts/
Destination: ://@212.121.21.1:/path_to_KSDRL/tmp/
Release moved if age grater than 15 day(s)
Release moved if application have releases grater than 3
Calculating count of releases of each application ...
2009 Mar 20 12:29:10	DEBUG	 done.
2009 Mar 20 12:29:10	DEBUG	Total applications in Source is: 6
2009 Mar 20 12:29:10	INFO	Start the calculating for KeySurvey_v6_3.
2009 Mar 20 12:29:10	DEBUG	In KeySurvey_v6_3: Total_releases = 6; Total_size = 453.25 Mb|
2009 Mar 20 12:29:10	DEBUG	Number of releases in KeySurvey_v6_3: 6
2009 Mar 20 12:29:10	DEBUG	Release 20060504130531 of KeySurvey_v6_3(55244) is 1051 days old.
2009 Mar 20 12:29:10	DEBUG	Release 20080101105430 of KeySurvey_v6_3(81768) is 444 days old.
2009 Mar 20 12:29:10	DEBUG	Release 20080201051600 of KeySurvey_v6_3(81796) is 414 days old.
2009 Mar 20 12:29:10	INFO	Start the calculating for KeySurvey_v6_4.
2009 Mar 20 12:29:10	DEBUG	In KeySurvey_v6_4: Total_releases = 3; Total_size = 175.85 Mb|
2009 Mar 20 12:29:10	DEBUG	Number of releases in KeySurvey_v6_4: 3
2009 Mar 20 12:29:10	INFO	Start the calculating for KeySurvey_v6_5.
2009 Mar 20 12:29:10	DEBUG	In KeySurvey_v6_5: Total_releases = 8; Total_size = 287.14 Mb|
2009 Mar 20 12:29:10	DEBUG	Number of releases in KeySurvey_v6_5: 8
2009 Mar 20 12:29:10	DEBUG	Release 20060805170832 of KeySurvey_v6_5(8) is 960 days old.
2009 Mar 20 12:29:10	DEBUG	Release 20070306042153 of KeySurvey_v6_5(16232) is 744 days old.
2009 Mar 20 12:29:10	DEBUG	Release 20071029035019 of KeySurvey_v6_5(81740) is 511 days old.
2009 Mar 20 12:29:10	DEBUG	Release 20080115105900 of KeySurvey_v6_5(4) is 430 days old.
2009 Mar 20 12:29:10	INFO	Start the calculating for KeySurvey_v6_6.
2009 Mar 20 12:29:10	DEBUG	In KeySurvey_v6_6: Total_releases = 7; Total_size = 336.17 Mb|
2009 Mar 20 12:29:10	DEBUG	Number of releases in KeySurvey_v6_6: 7
2009 Mar 20 12:29:10	DEBUG	Release 20071029031102 of KeySurvey_v6_6(4) is 511 days old.
2009 Mar 20 12:29:10	DEBUG	Release 20071029035019 of KeySurvey_v6_6(81740) is 511 days old.
2009 Mar 20 12:29:10	DEBUG	Release 20080115105900 of KeySurvey_v6_6(4) is 430 days old.
2009 Mar 20 12:29:10	DEBUG	Release 20080216033623 of KeySurvey_v6_6(81776) is 399 days old.
2009 Mar 20 12:29:10	INFO	Start the calculating for KeySurvey_v6_2.
2009 Mar 20 12:29:10	DEBUG	In KeySurvey_v6_2: Total_releases = 2; Total_size = 133.78 Mb|
2009 Mar 20 12:29:10	INFO	Start the calculating for KeySurvey_v7_0.
2009 Mar 20 12:29:10	DEBUG	In KeySurvey_v7_0: Total_releases = 8; Total_size = 1458.26 Mb|
2009 Mar 20 12:29:10	DEBUG	Number of releases in KeySurvey_v7_0: 8
2009 Mar 20 12:29:10	DEBUG	Release 20071029031102 of KeySurvey_v7_0(17164) is 511 days old.
2009 Mar 20 12:29:10	DEBUG	Release 20071029035019 of KeySurvey_v7_0(81740) is 511 days old.
2009 Mar 20 12:29:10	DEBUG	Release 20080115105900 of KeySurvey_v7_0(81792) is 430 days old.
2009 Mar 20 12:29:10		Compleated during 0 second(s)
2009 Apr 01 13:58:00		-----------------
2009 Apr 01 13:58:00		KS Dump Releases and Logs Service, version 1.0 beta
2009 Apr 01 13:58:00	DEBUG	Source: file://@localhost:/tmp/ksaus/logs/
Destination: smb:///path_to_KSDRL/etc/auth.conf@//192.168.0.40/cc/:test/
Log moved if age grater than 15 day(s)
Log moved if application have releases grater than 3
Calculating count of logs of each application ...
2009 Apr 01 13:58:00	DEBUG	 done.
2009 Apr 01 13:58:00	INFO	Number of applications in file://@localhost:/tmp/ksaus/artifacts2/ is: 8
2009 Apr 01 13:58:00	DEBUG	Log log20080909035124Lbuild.266.xml of KeySurvey_v6_7(24168) is 207 days old.
2009 Apr 01 13:58:00	WARN	log20080909035124Lbuild.266.xml of KeySurvey_v6_7 has been moved to test/ with result OK and removing from temporary is 4545
2009 Apr 01 13:58:00	DEBUG	Log log20080909034301.xml of KeySurvey_v6_6(1428) is 207 days old.
2009 Apr 01 13:58:00	WARN	log20080909034301.xml of KeySurvey_v6_6 has been moved to test/ with result OK and removing from temporary is 4545
2009 Apr 01 13:58:00	DEBUG	Log log20080909031255Lbuild.202.xml of KeySurvey_v6_8(46136) is 207 days old.
2009 Apr 01 13:58:00	WARN	log20080909031255Lbuild.202.xml of KeySurvey_v6_8 has been moved to test/ with result OK and removing from temporary is 4545
2009 Apr 01 13:58:00	DEBUG	Log log20090306024310Lbuild.988.xml of KeySurvey_v7_0(66120) is 25 days old.
2009 Apr 01 13:58:00	WARN	log20090306024310Lbuild.988.xml of KeySurvey_v7_0 has been moved to test/ with result OK and removing from temporary is 4545
2009 Apr 01 13:58:00	DEBUG	Log log20090306051033Lbuild.989.xml of KeySurvey_v7_0(65620) is 25 days old.
2009 Apr 01 13:58:00	WARN	log20090306051033Lbuild.989.xml of KeySurvey_v7_0 has been moved to test/ with result OK and removing from temporary is 4545
2009 Apr 01 13:58:00	DEBUG	Log log20090310085148Lbuild.990.xml of KeySurvey_v7_0(66236) is 21 days old.
2009 Apr 01 13:58:00	WARN	log20090310085148Lbuild.990.xml of KeySurvey_v7_0 has been moved to test/ with result OK and removing from temporary is 4545
2009 Apr 01 13:58:00	DEBUG	Log log20090310112321Lbuild.991.xml of KeySurvey_v7_0(66056) is 21 days old.
2009 Apr 01 13:58:00	WARN	log20090310112321Lbuild.991.xml of KeySurvey_v7_0 has been moved to test/ with result OK and removing from temporary is 4545
2009 Apr 01 13:58:00	DEBUG	Log log20090310124839Lbuild.992.xml of KeySurvey_v7_0(66448) is 21 days old.
2009 Apr 01 13:58:00	WARN	log20090310124839Lbuild.992.xml of KeySurvey_v7_0 has been moved to test/ with result OK and removing from temporary is 4545
2009 Apr 01 13:58:01		Compleated during 0 second(s). Load average : 0.54, 0.57, 0.49

2009 Apr 01 14:01:07		-----------------
2009 Apr 01 14:01:07		KS Dump Releases and Logs Service, version 1.0 beta
2009 Apr 01 14:01:07	DEBUG	Source: file://@localhost:/tmp/ksaus/logs/
Destination: smb:///path_to_KSDRL/etc/auth.conf@//192.168.0.40/cc/:test/
Log moved if age grater than 15 day(s)
Log moved if application have releases grater than 3
Calculating count of logs of each application ...
2009 Apr 01 14:01:07	DEBUG	 done.
2009 Apr 01 14:01:07	INFO	Number of applications in file://@localhost:/tmp/ksaus/artifacts2/ is: 8
2009 Apr 01 14:01:07	DEBUG	Log log20080909035124Lbuild.266.xml of KeySurvey_v6_7(24168) is 207 days old.
2009 Apr 01 14:01:07	WARN	log20080909035124Lbuild.266.xml of KeySurvey_v6_7 has been moved to test/ with result OK and removing from temporary is 4545
2009 Apr 01 14:01:07	DEBUG	Log log20080909034301.xml of KeySurvey_v6_6(1428) is 207 days old.
2009 Apr 01 14:01:07	WARN	log20080909034301.xml of KeySurvey_v6_6 has been moved to test/ with result OK and removing from temporary is 4545
2009 Apr 01 14:01:07	DEBUG	Log log20080909031255Lbuild.202.xml of KeySurvey_v6_8(46136) is 207 days old.
2009 Apr 01 14:01:07	WARN	log20080909031255Lbuild.202.xml of KeySurvey_v6_8 has been moved to test/ with result OK and removing from temporary is 4545
2009 Apr 01 14:01:07	DEBUG	Log log20090306024310Lbuild.988.xml of KeySurvey_v7_0(66120) is 25 days old.
2009 Apr 01 14:01:07	WARN	log20090306024310Lbuild.988.xml of KeySurvey_v7_0 has been moved to test/ with result OK and removing from temporary is 4545
2009 Apr 01 14:01:07	DEBUG	Log log20090306051033Lbuild.989.xml of KeySurvey_v7_0(65620) is 25 days old.
2009 Apr 01 14:01:07	WARN	log20090306051033Lbuild.989.xml of KeySurvey_v7_0 has been moved to test/ with result OK and removing from temporary is 4545
2009 Apr 01 14:01:07	DEBUG	Log log20090310085148Lbuild.990.xml of KeySurvey_v7_0(66236) is 21 days old.
2009 Apr 01 14:01:07	WARN	log20090310085148Lbuild.990.xml of KeySurvey_v7_0 has been moved to test/ with result OK and removing from temporary is 4545
2009 Apr 01 14:01:07	DEBUG	Log log20090310112321Lbuild.991.xml of KeySurvey_v7_0(66056) is 21 days old.
2009 Apr 01 14:01:07	WARN	log20090310112321Lbuild.991.xml of KeySurvey_v7_0 has been moved to test/ with result OK and removing from temporary is 4545
2009 Apr 01 14:01:07	DEBUG	Log log20090310124839Lbuild.992.xml of KeySurvey_v7_0(66448) is 21 days old.
2009 Apr 01 14:01:07	WARN	log20090310124839Lbuild.992.xml of KeySurvey_v7_0 has been moved to test/ with result OK and removing from temporary is 4545
2009 Apr 01 14:01:07		Compleated during 0 second(s). Load average : 0.27, 0.49, 0.47